Library/Bee/Android/Prj/Mono2x/Gradle/launcher/build/intermediates/manifest_merge_blame_file/release/manifest-merger-blame-release-report.txt
1<?xml version="1.0" encoding="utf-8"?>
2<manifest xmlns:android="http://schemas.android.com/apk/res/android"
3    package="com.JacksonCompany.MyGame"
4    android:installLocation="preferExternal"
5    android:versionCode="1"
6    android:versionName="1.0" >
7
8    <uses-sdk
9        android:minSdkVersion="22"
9-->src\main\AndroidManifest.xml
10        android:targetSdkVersion="30" />
10-->src\main\AndroidManifest.xml
11
12    <supports-screens
12-->src\main\AndroidManifest.xml:3:3-163
13        android:anyDensity="true"
13-->src\main\AndroidManifest.xml:3:135-160
14        android:largeScreens="true"
14-->src\main\AndroidManifest.xml:3:78-105
15        android:normalScreens="true"
15-->src\main\AndroidManifest.xml:3:49-77
16        android:smallScreens="true"
16-->src\main\AndroidManifest.xml:3:21-48
17        android:xlargeScreens="true" />
17-->src\main\AndroidManifest.xml:3:106-134
18
19    <uses-permission android:name="android.permission.ACCESS_NETWORK_STATE" />
19-->src\main\AndroidManifest.xml:7:3-77
19-->src\main\AndroidManifest.xml:7:20-74
20    <uses-permission android:name="android.permission.INTERNET" />
20-->src\main\AndroidManifest.xml:8:3-65
20-->src\main\AndroidManifest.xml:8:20-62
21
22    <uses-feature android:glEsVersion="0x00030000" />
22-->[:unityLibrary] AndroidManifest.xml:12:5-54
22-->[:unityLibrary] AndroidManifest.xml:12:19-51
23    <uses-feature
23-->[:unityLibrary] AndroidManifest.xml:13:5-15:36
24        android:name="android.hardware.vulkan.version"
24-->[:unityLibrary] AndroidManifest.xml:14:9-55
25        android:required="false" />
25-->[:unityLibrary] AndroidManifest.xml:15:9-33
26    <uses-feature
26-->[:unityLibrary] AndroidManifest.xml:19:5-21:36
27        android:name="android.hardware.touchscreen"
27-->[:unityLibrary] AndroidManifest.xml:20:9-52
28        android:required="false" />
28-->[:unityLibrary] AndroidManifest.xml:21:9-33
29    <uses-feature
29-->[:unityLibrary] AndroidManifest.xml:22:5-24:36
30        android:name="android.hardware.touchscreen.multitouch"
30-->[:unityLibrary] AndroidManifest.xml:23:9-63
31        android:required="false" />
31-->[:unityLibrary] AndroidManifest.xml:24:9-33
32    <uses-feature
32-->[:unityLibrary] AndroidManifest.xml:25:5-27:36
33        android:name="android.hardware.touchscreen.multitouch.distinct"
33-->[:unityLibrary] AndroidManifest.xml:26:9-72
34        android:required="false" />
34-->[:unityLibrary] AndroidManifest.xml:27:9-33
35
36    <uses-permission android:name="com.google.android.gms.permission.AD_ID" />
36-->[:UnityAds:] AndroidManifest.xml:11:5-79
36-->[:UnityAds:] AndroidManifest.xml:11:22-76
37
38    <application
38-->src\main\AndroidManifest.xml:4:3-6:17
39        android:extractNativeLibs="true"
39-->[:unityLibrary] AndroidManifest.xml:29:18-50
40        android:icon="@mipmap/app_icon"
40-->src\main\AndroidManifest.xml:4:49-80
41        android:label="@string/app_name" >
41-->src\main\AndroidManifest.xml:4:16-48
42        <meta-data
42-->src\main\AndroidManifest.xml:5:5-79
43            android:name="unity.builder"
43-->src\main\AndroidManifest.xml:5:16-44
44            android:value="\33261004969100" />
44-->src\main\AndroidManifest.xml:5:45-76
45
46        <activity
46-->[:unityLibrary] AndroidManifest.xml:30:9-50:20
47            android:name="com.unity3d.player.UnityPlayerActivity"
47-->[:unityLibrary] AndroidManifest.xml:31:13-66
48            android:configChanges="mcc|mnc|locale|touchscreen|keyboard|keyboardHidden|navigation|orientation|screenLayout|uiMode|screenSize|smallestScreenSize|fontScale|layoutDirection|density"
48-->[:unityLibrary] AndroidManifest.xml:32:13-194
49            android:hardwareAccelerated="false"
49-->[:unityLibrary] AndroidManifest.xml:33:13-48
50            android:launchMode="singleTask"
50-->[:unityLibrary] AndroidManifest.xml:34:13-44
51            android:resizeableActivity="false"
51-->[:unityLibrary] AndroidManifest.xml:35:13-47
52            android:screenOrientation="fullUser"
52-->[:unityLibrary] AndroidManifest.xml:36:13-49
53            android:theme="@style/UnityThemeSelector" >
53-->[:unityLibrary] AndroidManifest.xml:37:13-54
54            <intent-filter>
54-->[:unityLibrary] AndroidManifest.xml:38:13-42:29
55                <action android:name="android.intent.action.MAIN" />
55-->[:unityLibrary] AndroidManifest.xml:39:17-69
55-->[:unityLibrary] AndroidManifest.xml:39:25-66
56
57                <category android:name="android.intent.category.LAUNCHER" />
57-->[:unityLibrary] AndroidManifest.xml:41:17-77
57-->[:unityLibrary] AndroidManifest.xml:41:27-74
58            </intent-filter>
59
60            <meta-data
60-->[:unityLibrary] AndroidManifest.xml:44:13-46:40
61                android:name="unityplayer.UnityActivity"
61-->[:unityLibrary] AndroidManifest.xml:45:17-57
62                android:value="true" />
62-->[:unityLibrary] AndroidManifest.xml:46:17-37
63            <meta-data
63-->[:unityLibrary] AndroidManifest.xml:47:13-49:40
64                android:name="android.notch_support"
64-->[:unityLibrary] AndroidManifest.xml:48:17-53
65                android:value="true" />
65-->[:unityLibrary] AndroidManifest.xml:49:17-37
66        </activity>
67
68        <meta-data
68-->[:unityLibrary] AndroidManifest.xml:52:9-54:33
69            android:name="unity.splash-mode"
69-->[:unityLibrary] AndroidManifest.xml:53:13-45
70            android:value="0" />
70-->[:unityLibrary] AndroidManifest.xml:54:13-30
71        <meta-data
71-->[:unityLibrary] AndroidManifest.xml:55:9-57:36
72            android:name="unity.splash-enable"
72-->[:unityLibrary] AndroidManifest.xml:56:13-47
73            android:value="True" />
73-->[:unityLibrary] AndroidManifest.xml:57:13-33
74        <meta-data
74-->[:unityLibrary] AndroidManifest.xml:58:9-60:36
75            android:name="unity.launch-fullscreen"
75-->[:unityLibrary] AndroidManifest.xml:59:13-51
76            android:value="True" />
76-->[:unityLibrary] AndroidManifest.xml:60:13-33
77        <meta-data
77-->[:unityLibrary] AndroidManifest.xml:61:9-63:37
78            android:name="unity.allow-resizable-window"
78-->[:unityLibrary] AndroidManifest.xml:62:13-56
79            android:value="False" />
79-->[:unityLibrary] AndroidManifest.xml:63:13-34
80        <meta-data
80-->[:unityLibrary] AndroidManifest.xml:64:9-66:50
81            android:name="notch.config"
81-->[:unityLibrary] AndroidManifest.xml:65:13-40
82            android:value="portrait|landscape" />
82-->[:unityLibrary] AndroidManifest.xml:66:13-47
83
84        <activity
84-->[:UnityAds:] AndroidManifest.xml:14:9-18:74
85            android:name="com.unity3d.services.ads.adunit.AdUnitActivity"
85-->[:UnityAds:] AndroidManifest.xml:15:13-74
86            android:configChanges="fontScale|keyboard|keyboardHidden|locale|mnc|mcc|navigation|orientation|screenLayout|screenSize|smallestScreenSize|uiMode|touchscreen"
86-->[:UnityAds:] AndroidManifest.xml:16:13-170
87            android:hardwareAccelerated="true"
87-->[:UnityAds:] AndroidManifest.xml:17:13-47
88            android:theme="@android:style/Theme.NoTitleBar.Fullscreen" />
88-->[:UnityAds:] AndroidManifest.xml:18:13-71
89        <activity
89-->[:UnityAds:] AndroidManifest.xml:19:9-23:86
90            android:name="com.unity3d.services.ads.adunit.AdUnitTransparentActivity"
90-->[:UnityAds:] AndroidManifest.xml:20:13-85
91            android:configChanges="fontScale|keyboard|keyboardHidden|locale|mnc|mcc|navigation|orientation|screenLayout|screenSize|smallestScreenSize|uiMode|touchscreen"
91-->[:UnityAds:] AndroidManifest.xml:21:13-170
92            android:hardwareAccelerated="true"
92-->[:UnityAds:] AndroidManifest.xml:22:13-47
93            android:theme="@android:style/Theme.Translucent.NoTitleBar.Fullscreen" />
93-->[:UnityAds:] AndroidManifest.xml:23:13-83
94        <activity
94-->[:UnityAds:] AndroidManifest.xml:24:9-28:86
95            android:name="com.unity3d.services.ads.adunit.AdUnitTransparentSoftwareActivity"
95-->[:UnityAds:] AndroidManifest.xml:25:13-93
96            android:configChanges="fontScale|keyboard|keyboardHidden|locale|mnc|mcc|navigation|orientation|screenLayout|screenSize|smallestScreenSize|uiMode|touchscreen"
96-->[:UnityAds:] AndroidManifest.xml:26:13-170
97            android:hardwareAccelerated="false"
97-->[:UnityAds:] AndroidManifest.xml:27:13-48
98            android:theme="@android:style/Theme.Translucent.NoTitleBar.Fullscreen" />
98-->[:UnityAds:] AndroidManifest.xml:28:13-83
99        <activity
99-->[:UnityAds:] AndroidManifest.xml:29:9-33:74
100            android:name="com.unity3d.services.ads.adunit.AdUnitSoftwareActivity"
100-->[:UnityAds:] AndroidManifest.xml:30:13-82
101            android:configChanges="fontScale|keyboard|keyboardHidden|locale|mnc|mcc|navigation|orientation|screenLayout|screenSize|smallestScreenSize|uiMode|touchscreen"
101-->[:UnityAds:] AndroidManifest.xml:31:13-170
102            android:hardwareAccelerated="false"
102-->[:UnityAds:] AndroidManifest.xml:32:13-48
103            android:theme="@android:style/Theme.NoTitleBar.Fullscreen" />
103-->[:UnityAds:] AndroidManifest.xml:33:13-71
104    </application>
105
106</manifest>